<?xml version="1.0" encoding="UTF-8"?>
<!-- Generated by org.testng.reporters.JUnitReportReporter -->
<testsuite hostname="DESKTOP-IKD2D8I" failures="0" tests="1" name="Campaigns.CreateCampaignWithProductsTest" time="39.502" errors="0" timestamp="2024-06-21T12:06:56 IST" skipped="0">
  <testcase classname="Campaigns.CreateCampaignWithProductsTest" name="CreateCampaignWithProductsTest" time="39.502"/>
  <system-out/>
</testsuite> <!-- Campaigns.CreateCampaignWithProductsTest -->
