<?xml version="1.0" encoding="UTF-8"?>
<!-- Generated by org.testng.reporters.JUnitReportReporter -->
<testsuite hostname="DESKTOP-IKD2D8I" failures="0" tests="3" name="testNg.BookTicket" time="0.023" errors="0" timestamp="2024-06-19T11:58:45 IST" skipped="0">
  <testcase classname="testNg.BookTicket" name="bookTicketTest" time="0.010"/>
  <system-out/>
  <testcase classname="testNg.BookTicket" name="bookTicketTest" time="0.010"/>
  <system-out/>
  <testcase classname="testNg.BookTicket" name="bookTicketTest" time="0.003"/>
  <system-out/>
</testsuite> <!-- testNg.BookTicket -->
