<?xml version="1.0" encoding="UTF-8"?>
<!-- Generated by org.testng.reporters.JUnitReportReporter -->
<testsuite hostname="DESKTOP-IKD2D8I" failures="0" tests="3" name="testNg.DataProviderEx2$DataProviderEx3" time="85.826" errors="0" timestamp="2024-06-20T11:20:16 IST" skipped="0">
  <testcase classname="testNg.DataProviderEx2$DataProviderEx3" name="data" time="27.157"/>
  <system-out/>
  <testcase classname="testNg.DataProviderEx2$DataProviderEx3" name="data" time="27.283"/>
  <system-out/>
  <testcase classname="testNg.DataProviderEx2$DataProviderEx3" name="data" time="31.386"/>
  <system-out/>
</testsuite> <!-- testNg.DataProviderEx2$DataProviderEx3 -->
